#
# There is insufficient memory for the Java Runtime Environment to continue.
# Native memory allocation (mmap) failed to map 262144000 bytes. Error detail: G1 virtual space
# Possible reasons:
#   The system is out of physical RAM or swap space
#   This process is running with CompressedOops enabled, and the Java Heap may be blocking the growth of the native heap
# Possible solutions:
#   Reduce memory load on the system
#   Increase physical memory or swap space
#   Check if swap backing store is full
#   Decrease Java heap size (-Xmx/-Xms)
#   Decrease number of Java threads
#   Decrease Java thread stack sizes (-Xss)
#   Set larger code cache with -XX:ReservedCodeCacheSize=
#   JVM is running with Zero Based Compressed Oops mode in which the Java heap is
#     placed in the first 32GB address space. The Java Heap base address is the
#     maximum limit for the native heap growth. Please use -XX:HeapBaseMinAddress
#     to set the Java Heap base and to place the Java Heap above 32GB virtual address.
# This output file may be truncated or incomplete.
#
#  Out of Memory Error (os_windows.cpp:3707), pid=14444, tid=10812
#
# JRE version:  (23.0.2+7) (build )
# Java VM: Java HotSpot(TM) 64-Bit Server VM (23.0.2+7-58, mixed mode, sharing, tiered, compressed oops, compressed class ptrs, g1 gc, windows-amd64)
# No core dump will be written. Minidumps are not enabled by default on client versions of Windows
#

---------------  S U M M A R Y ------------

Command Line: -Dclassworlds.conf=C:/ProgramData/chocolatey/lib/maven/apache-maven-3.9.9/bin/m2.conf -Dmaven.home=C:/ProgramData/chocolatey/lib/maven/apache-maven-3.9.9 -Dlibrary.jansi.path=C:/ProgramData/chocolatey/lib/maven/apache-maven-3.9.9/lib/jansi-native -Dmaven.multiModuleProjectDirectory=C:/apps/patient_springboot_oracle org.codehaus.plexus.classworlds.launcher.Launcher install

Host: 11th Gen Intel(R) Core(TM) i7-1165G7 @ 2.80GHz, 8 cores, 15G,  Windows 11 , 64 bit Build 26100 (10.0.26100.3323)
Time: Mon Mar 24 22:18:48 2025  Windows 11 , 64 bit Build 26100 (10.0.26100.3323) elapsed time: 1.064139 seconds (0d 0h 0m 1s)

---------------  T H R E A D  ---------------

Current thread (0x0000020ec03ec300):  JavaThread "Unknown thread" [_thread_in_vm, id=10812, stack(0x000000d300100000,0x000000d300200000) (1024K)]

Stack: [0x000000d300100000,0x000000d300200000]
Native frames: (J=compiled Java code, j=interpreted, Vv=VM code, C=native code)
V  [jvm.dll+0x6e0b99]  (no source info available)
V  [jvm.dll+0x87e2b3]  (no source info available)
V  [jvm.dll+0x88073e]  (no source info available)
V  [jvm.dll+0x880e13]  (no source info available)
V  [jvm.dll+0x27b006]  (no source info available)
V  [jvm.dll+0x6dd485]  (no source info available)
V  [jvm.dll+0x6d127a]  (no source info available)
V  [jvm.dll+0x35b50a]  (no source info available)
V  [jvm.dll+0x363916]  (no source info available)
V  [jvm.dll+0x34fe7e]  (no source info available)
V  [jvm.dll+0x350118]  (no source info available)
V  [jvm.dll+0x328aec]  (no source info available)
V  [jvm.dll+0x32978e]  (no source info available)
V  [jvm.dll+0x8449a5]  (no source info available)
V  [jvm.dll+0x3b9a08]  (no source info available)
V  [jvm.dll+0x82d68c]  (no source info available)
V  [jvm.dll+0x454f2e]  (no source info available)
V  [jvm.dll+0x456db1]  (no source info available)
C  [jli.dll+0x52a3]  (no source info available)
C  [ucrtbase.dll+0x37b0]  (no source info available)
C  [KERNEL32.DLL+0x2e8d7]  (no source info available)
C  [ntdll.dll+0xbbf6c]  (no source info available)

Lock stack of current Java thread (top to bottom):


---------------  P R O C E S S  ---------------

Threads class SMR info:
_java_thread_list=0x00007ff87e4a4618, length=0, elements={
}

Java Threads: ( => current thread )
Total: 0

Other Threads:
  0x0000020ec2816e60 WorkerThread "GC Thread#0"                     [id=1556, stack(0x000000d300200000,0x000000d300300000) (1024K)]
  0x0000020ec282bd10 ConcurrentGCThread "G1 Main Marker"            [id=17780, stack(0x000000d300300000,0x000000d300400000) (1024K)]
  0x0000020ec282d650 WorkerThread "G1 Conc#0"                       [id=5360, stack(0x000000d300400000,0x000000d300500000) (1024K)]

[error occurred during error reporting (printing all threads), id 0xc0000005, EXCEPTION_ACCESS_VIOLATION (0xc0000005) at pc=0x00007ff87dbec0da]
VM state: not at safepoint (not fully initialized)

VM Mutex/Monitor currently owned by a thread:  ([mutex/lock_event])
[0x00007ff87e524988] Heap_lock - owner thread: 0x0000020ec03ec300

Heap address: 0x0000000707000000, size: 3984 MB, Compressed Oops mode: Zero based, Oop shift amount: 3

CDS archive(s) mapped at: [0x0000000000000000-0x0000000000000000-0x0000000000000000), size 0, SharedBaseAddress: 0x0000000800000000, ArchiveRelocationMode: 1.
Narrow klass base: 0x0000000000000000, Narrow klass shift: 0, Narrow klass range: 0x0

GC Precious Log:
 CardTable entry size: 512
 Card Set container configuration: InlinePtr #cards 4 size 8 Array Of Cards #cards 16 size 48 Howl #buckets 8 coarsen threshold 3686 Howl Bitmap #cards 512 size 80 coarsen threshold 460 Card regions per heap region 1 cards per card region 4096

Heap:
 garbage-first heap   total reserved 4079616K, committed 0K, used 0K [0x0000000707000000, 0x0000000800000000)
  region size 2048K, 0 young (0K), 0 survivors (0K)

[error occurred during error reporting (printing heap information), id 0xc0000005, EXCEPTION_ACCESS_VIOLATION (0xc0000005) at pc=0x00007ff87dfec6a9]
GC Heap History (0 events):
No events

Dll operation events (1 events):
Event: 0.006 Loaded shared library C:\Program Files\Java\jdk-23\bin\java.dll

Deoptimization events (0 events):
No events

Classes loaded (0 events):
No events

Classes unloaded (0 events):
No events

Classes redefined (0 events):
No events

Internal exceptions (0 events):
No events

VM Operations (0 events):
No events

Memory protections (0 events):
No events

Nmethod flushes (0 events):
No events

Events (0 events):
No events


Dynamic libraries:
0x00007ff7493d0000 - 0x00007ff7493e0000 	C:\Program Files\Java\jdk-23\bin\java.exe
0x00007ff9497a0000 - 0x00007ff949a03000 	C:\WINDOWS\SYSTEM32\ntdll.dll
0x00007ff947f60000 - 0x00007ff948027000 	C:\WINDOWS\System32\KERNEL32.DLL
0x00007ff947050000 - 0x00007ff947419000 	C:\WINDOWS\System32\KERNELBASE.dll
0x00007ff9469a0000 - 0x00007ff946aec000 	C:\WINDOWS\System32\ucrtbase.dll
0x00007ff929890000 - 0x00007ff9298ab000 	C:\Program Files\Java\jdk-23\bin\VCRUNTIME140.dll
0x00007ff937470000 - 0x00007ff937487000 	C:\Program Files\Java\jdk-23\bin\jli.dll
0x00007ff949040000 - 0x00007ff94920a000 	C:\WINDOWS\System32\USER32.dll
0x00007ff947590000 - 0x00007ff9475b7000 	C:\WINDOWS\System32\win32u.dll
0x00007ff91d3e0000 - 0x00007ff91d670000 	C:\WINDOWS\WinSxS\amd64_microsoft.windows.common-controls_6595b64144ccf1df_6.0.26100.3323_none_3e088096e3344490\COMCTL32.dll
0x00007ff9475c0000 - 0x00007ff9475ea000 	C:\WINDOWS\System32\GDI32.dll
0x00007ff946e70000 - 0x00007ff946fa1000 	C:\WINDOWS\System32\gdi32full.dll
0x00007ff948b80000 - 0x00007ff948c29000 	C:\WINDOWS\System32\msvcrt.dll
0x00007ff946dc0000 - 0x00007ff946e63000 	C:\WINDOWS\System32\msvcp_win.dll
0x00007ff947e70000 - 0x00007ff947e9f000 	C:\WINDOWS\System32\IMM32.DLL
0x00007ff93f470000 - 0x00007ff93f47c000 	C:\Program Files\Java\jdk-23\bin\vcruntime140_1.dll
0x00007ff882d20000 - 0x00007ff882dae000 	C:\Program Files\Java\jdk-23\bin\msvcp140.dll
0x00007ff87d8b0000 - 0x00007ff87e600000 	C:\Program Files\Java\jdk-23\bin\server\jvm.dll
0x00007ff948ac0000 - 0x00007ff948b72000 	C:\WINDOWS\System32\ADVAPI32.dll
0x00007ff949210000 - 0x00007ff9492b6000 	C:\WINDOWS\System32\sechost.dll
0x00007ff9475f0000 - 0x00007ff947706000 	C:\WINDOWS\System32\RPCRT4.dll
0x00007ff948f40000 - 0x00007ff948fb4000 	C:\WINDOWS\System32\WS2_32.dll
0x00007ff946110000 - 0x00007ff94615e000 	C:\WINDOWS\SYSTEM32\POWRPROF.dll
0x00007ff9371c0000 - 0x00007ff9371cb000 	C:\WINDOWS\SYSTEM32\VERSION.dll
0x00007ff9356d0000 - 0x00007ff935706000 	C:\WINDOWS\SYSTEM32\WINMM.dll
0x00007ff9460f0000 - 0x00007ff946104000 	C:\WINDOWS\SYSTEM32\UMPDC.dll
0x00007ff9457c0000 - 0x00007ff9457da000 	C:\WINDOWS\SYSTEM32\kernel.appcore.dll
0x00007ff9297b0000 - 0x00007ff9297ba000 	C:\Program Files\Java\jdk-23\bin\jimage.dll
0x00007ff9440d0000 - 0x00007ff944311000 	C:\WINDOWS\SYSTEM32\DBGHELP.DLL
0x00007ff9478d0000 - 0x00007ff947c52000 	C:\WINDOWS\System32\combase.dll
0x00007ff947d10000 - 0x00007ff947de6000 	C:\WINDOWS\System32\OLEAUT32.dll
0x00007ff935690000 - 0x00007ff9356c9000 	C:\WINDOWS\SYSTEM32\dbgcore.DLL
0x00007ff946fb0000 - 0x00007ff947049000 	C:\WINDOWS\System32\bcryptPrimitives.dll
0x00007ff9297c0000 - 0x00007ff9297de000 	C:\Program Files\Java\jdk-23\bin\java.dll
0x00007ff948cb0000 - 0x00007ff948e45000 	C:\WINDOWS\System32\ole32.dll
0x00007ff9481c0000 - 0x00007ff9488d5000 	C:\WINDOWS\System32\SHELL32.dll
0x00007ff947420000 - 0x00007ff947588000 	C:\WINDOWS\System32\wintypes.dll

dbghelp: loaded successfully - version: 4.0.5 - missing functions: none
symbol engine: initialized successfully - sym options: 0x614 - pdb path: .;C:\Program Files\Java\jdk-23\bin;C:\WINDOWS\SYSTEM32;C:\WINDOWS\WinSxS\amd64_microsoft.windows.common-controls_6595b64144ccf1df_6.0.26100.3323_none_3e088096e3344490;C:\Program Files\Java\jdk-23\bin\server

VM Arguments:
jvm_args: -Dclassworlds.conf=C:/ProgramData/chocolatey/lib/maven/apache-maven-3.9.9/bin/m2.conf -Dmaven.home=C:/ProgramData/chocolatey/lib/maven/apache-maven-3.9.9 -Dlibrary.jansi.path=C:/ProgramData/chocolatey/lib/maven/apache-maven-3.9.9/lib/jansi-native -Dmaven.multiModuleProjectDirectory=C:/apps/patient_springboot_oracle 
java_command: org.codehaus.plexus.classworlds.launcher.Launcher install
java_class_path (initial): C:/ProgramData/chocolatey/lib/maven/apache-maven-3.9.9/boot/plexus-classworlds-2.8.0.jar
Launcher Type: SUN_STANDARD

[Global flags]
     intx CICompilerCount                          = 4                                         {product} {ergonomic}
     uint ConcGCThreads                            = 2                                         {product} {ergonomic}
     uint G1ConcRefinementThreads                  = 8                                         {product} {ergonomic}
   size_t G1HeapRegionSize                         = 2097152                                   {product} {ergonomic}
   size_t InitialHeapSize                          = 262144000                                 {product} {ergonomic}
   size_t MarkStackSize                            = 4194304                                   {product} {ergonomic}
   size_t MarkStackSizeMax                         = 536870912                                 {product} {ergonomic}
   size_t MaxHeapSize                              = 4177526784                                {product} {ergonomic}
   size_t MinHeapDeltaBytes                        = 2097152                                   {product} {ergonomic}
   size_t MinHeapSize                              = 8388608                                   {product} {ergonomic}
    uintx NonNMethodCodeHeapSize                   = 5832704                                {pd product} {ergonomic}
    uintx NonProfiledCodeHeapSize                  = 122945536                              {pd product} {ergonomic}
    uintx ProfiledCodeHeapSize                     = 122880000                              {pd product} {ergonomic}
    uintx ReservedCodeCacheSize                    = 251658240                              {pd product} {ergonomic}
     bool SegmentedCodeCache                       = true                                      {product} {ergonomic}
   size_t SoftMaxHeapSize                          = 4177526784                             {manageable} {ergonomic}
     bool UseCompressedOops                        = true                           {product lp64_product} {ergonomic}
     bool UseG1GC                                  = true                                      {product} {ergonomic}
     bool UseLargePagesIndividualAllocation        = false                                  {pd product} {ergonomic}

Logging:
Log output configuration:
 #0: stdout all=warning uptime,level,tags foldmultilines=false
 #1: stderr all=off uptime,level,tags foldmultilines=false

Environment Variables:
JAVA_HOME=C:/Program Files/Java/jdk-23
PATH=C:\Users\tunli\bin;C:\Program Files\Git\mingw64\bin;C:\Program Files\Git\usr\local\bin;C:\Program Files\Git\usr\bin;C:\Program Files\Git\usr\bin;C:\Program Files\Git\mingw64\bin;C:\Program Files\Git\usr\bin;C:\Users\tunli\bin;C:\app\tunli\product\21c\dbhomeXE\bin;C:\Program Files\Common Files\Oracle\Java\javapath;C:\WINDOWS\system32;C:\WINDOWS;C:\WINDOWS\System32\Wbem;C:\WINDOWS\System32\WindowsPowerShell\v1.0;C:\WINDOWS\System32\OpenSSH;C:\Program Files\Graphviz\bin;C:\Program Files\nodejs;C:\Program Files\Git\cmd;C:\ProgramData\chocolatey\bin;C:\spring-boot-cli-3.4.3-bin\spring-3.4.3\bin;C:\Program Files\Java\jdk-23\bin;C:\ProgramData\chocolatey\lib\maven\apache-maven-3.9.9\bin;C:\Program Files\Docker\Docker\resources\bin;C:\opt\oracle\instantclient_23_7;C:\Users\tunli\.config\herd-lite\bin;C:\Users\tunli\anaconda3;C:\Users\tunli\anaconda3\Library\mingw-w64\bin;C:\Users\tunli\anaconda3\Library\usr\bin;C:\Users\tunli\anaconda3\Library\bin;C:\Users\tunli\anaconda3\Scripts;C:\Users\tunli\AppData\Local\Programs\Python\Python310\Scripts;C:\Users\tunli\AppData\Local\Programs\Python\Python310;C:\Users\tunli\AppData\Local\Microsoft\WindowsApps;C:\Users\tunli\AppData\Local\GitHubDesktop\bin;C:\Program Files\Graphviz\bin;C:\Users\tunli\AppData\Local\Programs\Microsoft VS Code\bin;C:\Users\tunli\AppData\Roaming\npm;C:\Program Files\Git\usr\bin\vendor_perl;C:\Program Files\Git\usr\bin\core_perl
USERNAME=tunli
SHELL=C:\Program Files\Git\usr\bin\bash.exe
DISPLAY=needs-to-be-defined
LANG=en_US.UTF-8
TERM=xterm-256color
TMPDIR=C:\Users\tunli\AppData\Local\Temp
OS=Windows_NT
PROCESSOR_IDENTIFIER=Intel64 Family 6 Model 140 Stepping 1, GenuineIntel
TMP=C:\Users\tunli\AppData\Local\Temp
TEMP=C:\Users\tunli\AppData\Local\Temp




Periodic native trim disabled

---------------  S Y S T E M  ---------------

OS:
 Windows 11 , 64 bit Build 26100 (10.0.26100.3323)
OS uptime: 2 days 1:05 hours
Hyper-V role detected

CPU: total 8 (initial active 8) (4 cores per cpu, 2 threads per core) family 6 model 140 stepping 1 microcode 0xa4, cx8, cmov, fxsr, ht, mmx, 3dnowpref, sse, sse2, sse3, ssse3, sse4.1, sse4.2, popcnt, lzcnt, tsc, tscinvbit, avx, avx2, aes, erms, clmul, bmi1, bmi2, adx, avx512f, avx512dq, avx512cd, avx512bw, avx512vl, sha, fma, vzeroupper, avx512_vpopcntdq, avx512_vpclmulqdq, avx512_vaes, avx512_vnni, clflush, clflushopt, clwb, avx512_vbmi2, avx512_vbmi, hv, rdtscp, rdpid, fsrm, gfni, avx512_bitalg, f16c, cet_ibt, cet_ss, avx512_ifma
Processor Information for the first 8 processors :
  Max Mhz: 2803, Current Mhz: 2803, Mhz Limit: 2803

Memory: 4k page, system-wide physical 15931M (6083M free)
TotalPageFile size 65083M (AvailPageFile size 172M)
current process WorkingSet (physical memory assigned to process): 13M, peak: 13M
current process commit charge ("private bytes"): 61M, peak: 311M

vm_info: Java HotSpot(TM) 64-Bit Server VM (23.0.2+7-58) for windows-amd64 JRE (23.0.2+7-58), built on 2024-11-29T09:34:55Z with MS VC++ 17.6 (VS2022)

END.
